<?xml version="1.0" encoding="UTF-8"?>
<!-- Generated by org.testng.reporters.JUnitReportReporter -->
<testsuite hostname="LAPTOP-LA5LF3NC" failures="0" tests="1" name="com.selenium.exemple.AppTest" time="0.338" errors="0" timestamp="2022-06-19T21:09:24 WEST" skipped="0">
  <testcase classname="com.selenium.exemple.AppTest" name="testing_elements" time="0.338"/>
  <system-out/>
</testsuite> <!-- com.selenium.exemple.AppTest -->
